================================================================================
Appcelerator Titanium Diagnostics Build Log
The contents of this file are useful to send to Appcelerator Support if
reporting an issue to help us understand your environment, build settings
and aid in debugging. Please attach this log to any issue that you report.
================================================================================

Starting build at 08/29/11 09:08

Build details:

   timestamp=07/21/11 09:36
   version=1.7.2
   githash=97c3689


Script arguments:
   /Users/tlukasavage/Library/Application Support/Titanium/mobilesdk/osx/1.7.2/iphone/builder.py
   simulator
   4.3
   /Users/tlukasavage/Documents/Titanium Studio Workspace/HTTPClient
   com.appcelerator.HTTPClient
   HTTPClient
   universal
   iphone
   

Building from: /Users/tlukasavage/Library/Application Support/Titanium/mobilesdk/osx/1.7.2/iphone
Platform: Darwin Kernel Version 11.0.1: Thu Jul 28 02:01:39 PDT 2011; root:xnu-1699.23.4~1/RELEASE_X86_64

Xcode path is: /Developer


githash=97c3689, existing_git_hash=97c3689
writing contents of /Users/tlukasavage/Documents/Titanium Studio Workspace/HTTPClient/build/iphone/project.xcconfig:

TI_VERSION=1.7.2
TI_SDK_DIR=/Users/tlukasavage/Library/Application Support/Titanium/mobilesdk/osx/$(TI_VERSION)/iphone
TI_APPID=com.appcelerator.HTTPClient
OTHER_LDFLAGS[sdk=iphoneos*]=$(inherited) -weak_framework iAd
OTHER_LDFLAGS[sdk=iphonesimulator*]=$(inherited) -weak_framework iAd
#include "module"

old contents


Generated the following stylecode code:

<?xml version="1.0" encoding="UTF-8"?>
<!DOCTYPE plist PUBLIC "-//Apple//DTD PLIST 1.0//EN" "http://www.apple.com/DTDs/PropertyList-1.0.dtd">
<plist version="1.0">
	<dict>
		<key>classes</key>
		<dict>
</dict>

		<key>classes_density</key>
		<dict>
</dict>

		<key>ids</key>
		<dict>
</dict>

		<key>ids_density</key>
		<dict>
</dict>

		<key>tags</key>
		<dict>
</dict>

		<key>tags_density</key>
		<dict>
</dict>

	</dict>
</plist>
Finishing build
